<?xml version="1.0" encoding="UTF-8"?>
<testng-results skipped="0" failed="2" ignored="0" total="12" passed="10">
  <reporter-output>
  </reporter-output>
  <suite name="Default suite" duration-ms="113601" started-at="2018-03-11T18:41:23Z" finished-at="2018-03-11T18:43:17Z">
    <groups>
    </groups>
    <test name="Default test" duration-ms="113601" started-at="2018-03-11T18:41:23Z" finished-at="2018-03-11T18:43:17Z">
      <class name="com.bintime.test_task.SearchTest">
        <test-method status="PASS" signature="setUp()[pri:0, instance:com.bintime.test_task.SearchTest@7c16905e]" name="setUp" is-config="true" duration-ms="13106" started-at="2018-03-11T20:41:23Z" finished-at="2018-03-11T20:41:36Z">
          <reporter-output>
          </reporter-output>
        </test-method> <!-- setUp -->
        <test-method status="PASS" signature="searchItemsTest(java.lang.String)[pri:0, instance:com.bintime.test_task.SearchTest@7c16905e]" name="searchItemsTest" duration-ms="11979" started-at="2018-03-11T20:41:36Z" data-provider="searchItems" finished-at="2018-03-11T20:41:48Z">
          <params>
            <param index="0">
              <value>
                <![CDATA[J153289]]>
              </value>
            </param>
          </params>
          <reporter-output>
          </reporter-output>
        </test-method> <!-- searchItemsTest -->
        <test-method status="PASS" signature="searchItemsTest(java.lang.String)[pri:0, instance:com.bintime.test_task.SearchTest@7c16905e]" name="searchItemsTest" duration-ms="11508" started-at="2018-03-11T20:41:48Z" data-provider="searchItems" finished-at="2018-03-11T20:42:00Z">
          <params>
            <param index="0">
              <value>
                <![CDATA[MQ3D2ZD/A]]>
              </value>
            </param>
          </params>
          <reporter-output>
          </reporter-output>
        </test-method> <!-- searchItemsTest -->
        <test-method status="PASS" signature="searchItemsTest(java.lang.String)[pri:0, instance:com.bintime.test_task.SearchTest@7c16905e]" name="searchItemsTest" duration-ms="9233" started-at="2018-03-11T20:42:00Z" data-provider="searchItems" finished-at="2018-03-11T20:42:09Z">
          <params>
            <param index="0">
              <value>
                <![CDATA[L36852-H2436-M101]]>
              </value>
            </param>
          </params>
          <reporter-output>
          </reporter-output>
        </test-method> <!-- searchItemsTest -->
        <test-method status="PASS" signature="searchItemsTest(java.lang.String)[pri:0, instance:com.bintime.test_task.SearchTest@7c16905e]" name="searchItemsTest" duration-ms="10462" started-at="2018-03-11T20:42:09Z" data-provider="searchItems" finished-at="2018-03-11T20:42:20Z">
          <params>
            <param index="0">
              <value>
                <![CDATA[1WZ03EA#ABH]]>
              </value>
            </param>
          </params>
          <reporter-output>
          </reporter-output>
        </test-method> <!-- searchItemsTest -->
        <test-method status="PASS" signature="searchItemsTest(java.lang.String)[pri:0, instance:com.bintime.test_task.SearchTest@7c16905e]" name="searchItemsTest" duration-ms="11796" started-at="2018-03-11T20:42:20Z" data-provider="searchItems" finished-at="2018-03-11T20:42:31Z">
          <params>
            <param index="0">
              <value>
                <![CDATA[875839-425]]>
              </value>
            </param>
          </params>
          <reporter-output>
          </reporter-output>
        </test-method> <!-- searchItemsTest -->
        <test-method status="PASS" signature="searchItemsTest(java.lang.String)[pri:0, instance:com.bintime.test_task.SearchTest@7c16905e]" name="searchItemsTest" duration-ms="9598" started-at="2018-03-11T20:42:31Z" data-provider="searchItems" finished-at="2018-03-11T20:42:41Z">
          <params>
            <param index="0">
              <value>
                <![CDATA[C5J91A#B19]]>
              </value>
            </param>
          </params>
          <reporter-output>
          </reporter-output>
        </test-method> <!-- searchItemsTest -->
        <test-method status="PASS" signature="searchItemsTest(java.lang.String)[pri:0, instance:com.bintime.test_task.SearchTest@7c16905e]" name="searchItemsTest" duration-ms="8708" started-at="2018-03-11T20:42:41Z" data-provider="searchItems" finished-at="2018-03-11T20:42:50Z">
          <params>
            <param index="0">
              <value>
                <![CDATA[FM32SD45B/10]]>
              </value>
            </param>
          </params>
          <reporter-output>
          </reporter-output>
        </test-method> <!-- searchItemsTest -->
        <test-method status="PASS" signature="searchItemsTest(java.lang.String)[pri:0, instance:com.bintime.test_task.SearchTest@7c16905e]" name="searchItemsTest" duration-ms="9540" started-at="2018-03-11T20:42:50Z" data-provider="searchItems" finished-at="2018-03-11T20:42:59Z">
          <params>
            <param index="0">
              <value>
                <![CDATA[204446-101]]>
              </value>
            </param>
          </params>
          <reporter-output>
          </reporter-output>
        </test-method> <!-- searchItemsTest -->
        <test-method status="PASS" signature="searchItemsTest(java.lang.String)[pri:0, instance:com.bintime.test_task.SearchTest@7c16905e]" name="searchItemsTest" duration-ms="8298" started-at="2018-03-11T20:42:59Z" data-provider="searchItems" finished-at="2018-03-11T20:43:07Z">
          <params>
            <param index="0">
              <value>
                <![CDATA[GV-N710D3-1GL]]>
              </value>
            </param>
          </params>
          <reporter-output>
          </reporter-output>
        </test-method> <!-- searchItemsTest -->
        <test-method status="PASS" signature="searchItemsTest(java.lang.String)[pri:0, instance:com.bintime.test_task.SearchTest@7c16905e]" name="searchItemsTest" duration-ms="8462" started-at="2018-03-11T20:43:07Z" data-provider="searchItems" finished-at="2018-03-11T20:43:16Z">
          <params>
            <param index="0">
              <value>
                <![CDATA[02G-P4-6150-KR]]>
              </value>
            </param>
          </params>
          <reporter-output>
          </reporter-output>
        </test-method> <!-- searchItemsTest -->
        <test-method status="FAIL" signature="searchTestMethod()[pri:0, instance:com.bintime.test_task.SearchTest@7c16905e]" name="searchTestMethod" duration-ms="31" started-at="2018-03-11T20:43:16Z" finished-at="2018-03-11T20:43:16Z">
          <exception class="java.lang.IndexOutOfBoundsException">
            <message>
              <![CDATA[Index: 15, Size: 0]]>
            </message>
            <full-stacktrace>
              <![CDATA[java.lang.IndexOutOfBoundsException: Index: 15, Size: 0
	at java.util.ArrayList.rangeCheck(Unknown Source)
	at java.util.ArrayList.get(Unknown Source)
	at com.bintime.test_task.SearchTest.searchTestMethod(SearchTest.java:32)
	at sun.reflect.NativeMethodAccessorImpl.invoke0(Native Method)
	at sun.reflect.NativeMethodAccessorImpl.invoke(Unknown Source)
	at sun.reflect.DelegatingMethodAccessorImpl.invoke(Unknown Source)
	at java.lang.reflect.Method.invoke(Unknown Source)
	at org.testng.internal.MethodInvocationHelper.invokeMethod(MethodInvocationHelper.java:108)
	at org.testng.internal.Invoker.invokeMethod(Invoker.java:669)
	at org.testng.internal.Invoker.invokeTestMethod(Invoker.java:877)
	at org.testng.internal.Invoker.invokeTestMethods(Invoker.java:1201)
	at org.testng.internal.TestMethodWorker.invokeTestMethods(TestMethodWorker.java:125)
	at org.testng.internal.TestMethodWorker.run(TestMethodWorker.java:109)
	at org.testng.TestRunner.privateRun(TestRunner.java:776)
	at org.testng.TestRunner.run(TestRunner.java:634)
	at org.testng.SuiteRunner.runTest(SuiteRunner.java:425)
	at org.testng.SuiteRunner.runSequentially(SuiteRunner.java:420)
	at org.testng.SuiteRunner.privateRun(SuiteRunner.java:385)
	at org.testng.SuiteRunner.run(SuiteRunner.java:334)
	at org.testng.SuiteRunnerWorker.runSuite(SuiteRunnerWorker.java:52)
	at org.testng.SuiteRunnerWorker.run(SuiteRunnerWorker.java:86)
	at org.testng.TestNG.runSuitesSequentially(TestNG.java:1318)
	at org.testng.TestNG.runSuitesLocally(TestNG.java:1243)
	at org.testng.TestNG.runSuites(TestNG.java:1161)
	at org.testng.TestNG.run(TestNG.java:1129)
	at org.testng.remote.AbstractRemoteTestNG.run(AbstractRemoteTestNG.java:114)
	at org.testng.remote.RemoteTestNG.initAndRun(RemoteTestNG.java:251)
	at org.testng.remote.RemoteTestNG.main(RemoteTestNG.java:77)
]]>
            </full-stacktrace>
          </exception> <!-- java.lang.IndexOutOfBoundsException -->
          <reporter-output>
          </reporter-output>
        </test-method> <!-- searchTestMethod -->
        <test-method status="FAIL" signature="setMinimumAndMaximumPrice()[pri:0, instance:com.bintime.test_task.SearchTest@7c16905e]" name="setMinimumAndMaximumPrice" duration-ms="57" started-at="2018-03-11T20:43:16Z" finished-at="2018-03-11T20:43:16Z">
          <exception class="org.openqa.selenium.NoSuchElementException">
            <message>
              <![CDATA[no such element: Unable to locate element: {"method":"xpath","selector":"//*[text()='Prijs']"}
  (Session info: chrome=64.0.3282.186)
  (Driver info: chromedriver=2.34.522940 (1a76f96f66e3ca7b8e57d503b4dd3bccfba87af1),platform=Windows NT 10.0.16299 x86_64) (WARNING: The server did not provide any stacktrace information)
Command duration or timeout: 0 milliseconds
For documentation on this error, please visit: http://seleniumhq.org/exceptions/no_such_element.html
Build info: version: '3.9.1', revision: '63f7b50', time: '2018-02-07T22:42:28.403Z'
System info: host: 'DESKTOP-KUAKP52', ip: '192.168.56.2', os.name: 'Windows 10', os.arch: 'amd64', os.version: '10.0', java.version: '1.8.0_161'
Driver info: org.openqa.selenium.chrome.ChromeDriver
Capabilities {acceptSslCerts: true, applicationCacheEnabled: false, browserConnectionEnabled: false, browserName: chrome, chrome: {chromedriverVersion: 2.34.522940 (1a76f96f66e3ca..., userDataDir: C:\Users\User\AppData\Local...}, cssSelectorsEnabled: true, databaseEnabled: false, handlesAlerts: true, hasTouchScreen: false, javascriptEnabled: true, locationContextEnabled: true, mobileEmulationEnabled: false, nativeEvents: true, networkConnectionEnabled: false, pageLoadStrategy: normal, platform: XP, platformName: XP, rotatable: false, setWindowRect: true, takesHeapSnapshot: true, takesScreenshot: true, unexpectedAlertBehaviour: , unhandledPromptBehavior: , version: 64.0.3282.186, webStorageEnabled: true}
Session ID: b26b13b0b30060332653638186b73736
*** Element info: {Using=xpath, value=//*[text()='Prijs']}]]>
            </message>
            <full-stacktrace>
              <![CDATA[org.openqa.selenium.NoSuchElementException: no such element: Unable to locate element: {"method":"xpath","selector":"//*[text()='Prijs']"}
  (Session info: chrome=64.0.3282.186)
  (Driver info: chromedriver=2.34.522940 (1a76f96f66e3ca7b8e57d503b4dd3bccfba87af1),platform=Windows NT 10.0.16299 x86_64) (WARNING: The server did not provide any stacktrace information)
Command duration or timeout: 0 milliseconds
For documentation on this error, please visit: http://seleniumhq.org/exceptions/no_such_element.html
Build info: version: '3.9.1', revision: '63f7b50', time: '2018-02-07T22:42:28.403Z'
System info: host: 'DESKTOP-KUAKP52', ip: '192.168.56.2', os.name: 'Windows 10', os.arch: 'amd64', os.version: '10.0', java.version: '1.8.0_161'
Driver info: org.openqa.selenium.chrome.ChromeDriver
Capabilities {acceptSslCerts: true, applicationCacheEnabled: false, browserConnectionEnabled: false, browserName: chrome, chrome: {chromedriverVersion: 2.34.522940 (1a76f96f66e3ca..., userDataDir: C:\Users\User\AppData\Local...}, cssSelectorsEnabled: true, databaseEnabled: false, handlesAlerts: true, hasTouchScreen: false, javascriptEnabled: true, locationContextEnabled: true, mobileEmulationEnabled: false, nativeEvents: true, networkConnectionEnabled: false, pageLoadStrategy: normal, platform: XP, platformName: XP, rotatable: false, setWindowRect: true, takesHeapSnapshot: true, takesScreenshot: true, unexpectedAlertBehaviour: , unhandledPromptBehavior: , version: 64.0.3282.186, webStorageEnabled: true}
Session ID: b26b13b0b30060332653638186b73736
*** Element info: {Using=xpath, value=//*[text()='Prijs']}
	at sun.reflect.NativeConstructorAccessorImpl.newInstance0(Native Method)
	at sun.reflect.NativeConstructorAccessorImpl.newInstance(Unknown Source)
	at sun.reflect.DelegatingConstructorAccessorImpl.newInstance(Unknown Source)
	at java.lang.reflect.Constructor.newInstance(Unknown Source)
	at org.openqa.selenium.remote.ErrorHandler.createThrowable(ErrorHandler.java:214)
	at org.openqa.selenium.remote.ErrorHandler.throwIfResponseFailed(ErrorHandler.java:166)
	at org.openqa.selenium.remote.http.JsonHttpResponseCodec.reconstructValue(JsonHttpResponseCodec.java:40)
	at org.openqa.selenium.remote.http.AbstractHttpResponseCodec.decode(AbstractHttpResponseCodec.java:80)
	at org.openqa.selenium.remote.http.AbstractHttpResponseCodec.decode(AbstractHttpResponseCodec.java:44)
	at org.openqa.selenium.remote.HttpCommandExecutor.execute(HttpCommandExecutor.java:160)
	at org.openqa.selenium.remote.service.DriverCommandExecutor.execute(DriverCommandExecutor.java:83)
	at org.openqa.selenium.remote.RemoteWebDriver.execute(RemoteWebDriver.java:601)
	at org.openqa.selenium.remote.RemoteWebDriver.findElement(RemoteWebDriver.java:371)
	at org.openqa.selenium.remote.RemoteWebDriver.findElementByXPath(RemoteWebDriver.java:473)
	at org.openqa.selenium.By$ByXPath.findElement(By.java:361)
	at org.openqa.selenium.remote.RemoteWebDriver.findElement(RemoteWebDriver.java:363)
	at pages.NotebooksPage.findFilterPrijs(NotebooksPage.java:56)
	at com.bintime.test_task.SearchTest.setMinimumAndMaximumPrice(SearchTest.java:93)
	at sun.reflect.NativeMethodAccessorImpl.invoke0(Native Method)
	at sun.reflect.NativeMethodAccessorImpl.invoke(Unknown Source)
	at sun.reflect.DelegatingMethodAccessorImpl.invoke(Unknown Source)
	at java.lang.reflect.Method.invoke(Unknown Source)
	at org.testng.internal.MethodInvocationHelper.invokeMethod(MethodInvocationHelper.java:108)
	at org.testng.internal.Invoker.invokeMethod(Invoker.java:669)
	at org.testng.internal.Invoker.invokeTestMethod(Invoker.java:877)
	at org.testng.internal.Invoker.invokeTestMethods(Invoker.java:1201)
	at org.testng.internal.TestMethodWorker.invokeTestMethods(TestMethodWorker.java:125)
	at org.testng.internal.TestMethodWorker.run(TestMethodWorker.java:109)
	at org.testng.TestRunner.privateRun(TestRunner.java:776)
	at org.testng.TestRunner.run(TestRunner.java:634)
	at org.testng.SuiteRunner.runTest(SuiteRunner.java:425)
	at org.testng.SuiteRunner.runSequentially(SuiteRunner.java:420)
	at org.testng.SuiteRunner.privateRun(SuiteRunner.java:385)
	at org.testng.SuiteRunner.run(SuiteRunner.java:334)
	at org.testng.SuiteRunnerWorker.runSuite(SuiteRunnerWorker.java:52)
	at org.testng.SuiteRunnerWorker.run(SuiteRunnerWorker.java:86)
	at org.testng.TestNG.runSuitesSequentially(TestNG.java:1318)
	at org.testng.TestNG.runSuitesLocally(TestNG.java:1243)
	at org.testng.TestNG.runSuites(TestNG.java:1161)
	at org.testng.TestNG.run(TestNG.java:1129)
	at org.testng.remote.AbstractRemoteTestNG.run(AbstractRemoteTestNG.java:114)
	at org.testng.remote.RemoteTestNG.initAndRun(RemoteTestNG.java:251)
	at org.testng.remote.RemoteTestNG.main(RemoteTestNG.java:77)
]]>
            </full-stacktrace>
          </exception> <!-- org.openqa.selenium.NoSuchElementException -->
          <reporter-output>
          </reporter-output>
        </test-method> <!-- setMinimumAndMaximumPrice -->
        <test-method status="PASS" signature="tearDown()[pri:0, instance:com.bintime.test_task.SearchTest@7c16905e]" name="tearDown" is-config="true" duration-ms="754" started-at="2018-03-11T20:43:16Z" finished-at="2018-03-11T20:43:17Z">
          <reporter-output>
          </reporter-output>
        </test-method> <!-- tearDown -->
      </class> <!-- com.bintime.test_task.SearchTest -->
    </test> <!-- Default test -->
  </suite> <!-- Default suite -->
</testng-results>
